<?xml version="1.0" encoding="UTF-8"?>
<testsuite name=": Yo como usuario ncesito realizar una compra de un articulo en la pagina de falabella" tests="1" skipped="0" failures="0" errors="0" timestamp="2021-06-12T21:48:17" hostname="50HW014178" time="141.927">
  <properties/>
  <testcase name="Comprar articulo" classname=": Yo como usuario ncesito realizar una compra de un articulo en la pagina de falabella" time="141.927"/>
  <system-out><![CDATA[]]></system-out>
  <system-err><![CDATA[Jun 12, 2021 4:48:18 PM org.openqa.selenium.remote.DesiredCapabilities chrome
INFO: Using `new ChromeOptions()` is preferred to `DesiredCapabilities.chrome()`
Starting ChromeDriver 91.0.4472.19 (1bf021f248676a0b2ab3ee0561d83a59e424c23e-refs/branch-heads/4472@{#288}) on port 33329
Only local connections are allowed.
Please see https://chromedriver.chromium.org/security-considerations for suggestions on keeping ChromeDriver safe.
ChromeDriver was started successfully.
Jun 12, 2021 4:48:20 PM org.openqa.selenium.remote.ProtocolHandshake createSession
INFO: Detected dialect: W3C
143339 [Test worker] INFO net.thucydides.core.steps.ConsoleLoggingListener - 
        __    _____ _____ ____ _____   ____   _    ____  ____  _____ ____  
  _     \ \  |_   _| ____/ ___|_   _| |  _ \ / \  / ___|/ ___|| ____|  _ \ 
 (_)_____| |   | | |  _| \___ \ | |   | |_) / _ \ \___ \\___ \|  _| | | | |
  _|_____| |   | | | |___ ___) || |   |  __/ ___ \ ___) |___) | |___| |_| |
 (_)     | |   |_| |_____|____/ |_|   |_| /_/   \_\____/|____/|_____|____/ 
        /_/                                                                

TEST PASSED: Comprar articulo
----------------------------------------------------------------------------
]]></system-err>
</testsuite>
